app/build/outputs/apk/manifest-merger-debug-report.txt
-- Merging decision tree log ---
manifest
ADDED from AndroidManifest.xml:2:1
	xmlns:android
		ADDED from AndroidManifest.xml:2:11
	package
		ADDED from AndroidManifest.xml:3:5
		INJECTED from AndroidManifest.xml:0:0
		INJECTED from AndroidManifest.xml:0:0
	android:versionName
		ADDED from AndroidManifest.xml:5:5
	android:versionCode
		ADDED from AndroidManifest.xml:4:5
		INJECTED from AndroidManifest.xml:0:0
		INJECTED from AndroidManifest.xml:0:0
uses-sdk
ADDED from AndroidManifest.xml:7:5
MERGED from com.android.support:support-v4:21.0.0:15:5
MERGED from com.google.android.gms:play-services:6.5.87:18:5
MERGED from com.android.support:support-v4:21.0.0:15:5
	android:targetSdkVersion
		ADDED from AndroidManifest.xml:9:9
		INJECTED from AndroidManifest.xml:0:0
		INJECTED from AndroidManifest.xml:0:0
	android:minSdkVersion
		ADDED from AndroidManifest.xml:8:9
		INJECTED from AndroidManifest.xml:0:0
		INJECTED from AndroidManifest.xml:0:0
permission#com.vogella.android.locationapi.maps.permission.MAPS_RECEIVE
ADDED from AndroidManifest.xml:12:5
	android:protectionLevel
		ADDED from AndroidManifest.xml:14:9
	android:name
		ADDED from AndroidManifest.xml:13:9
uses-feature#0x00020000
ADDED from AndroidManifest.xml:16:5
	android:required
		ADDED from AndroidManifest.xml:18:9
	android:glEsVersion
		ADDED from AndroidManifest.xml:17:9
uses-permission#com.vogella.android.locationapi.maps.permission.MAPS_RECEIVE
ADDED from AndroidManifest.xml:20:5
	android:name
		ADDED from AndroidManifest.xml:20:22
uses-permission#android.permission.INTERNET
ADDED from AndroidManifest.xml:21:5
	android:name
		ADDED from AndroidManifest.xml:21:22
uses-permission#android.permission.WRITE_EXTERNAL_STORAGE
ADDED from AndroidManifest.xml:22:5
	android:name
		ADDED from AndroidManifest.xml:22:22
uses-permission#android.permission.ACCESS_COARSE_LOCATION
ADDED from AndroidManifest.xml:23:5
	android:name
		ADDED from AndroidManifest.xml:23:22
uses-permission#android.permission.ACCESS_FINE_LOCATION
ADDED from AndroidManifest.xml:24:5
	android:name
		ADDED from AndroidManifest.xml:24:22
uses-permission#android.permission.ACCESS_NETWORK_STATE
ADDED from AndroidManifest.xml:25:5
	android:name
		ADDED from AndroidManifest.xml:25:22
application
ADDED from AndroidManifest.xml:28:5
MERGED from com.android.support:support-v4:21.0.0:16:5
MERGED from com.google.android.gms:play-services:6.5.87:20:5
MERGED from com.android.support:support-v4:21.0.0:16:5
	android:label
		ADDED from AndroidManifest.xml:31:9
	android:allowBackup
		ADDED from AndroidManifest.xml:29:9
	android:icon
		ADDED from AndroidManifest.xml:30:9
	android:logo
		ADDED from AndroidManifest.xml:32:9
activity#edu.mit.mitmobile2.ModuleSelectorActivity
ADDED from AndroidManifest.xml:33:6
	android:name
		ADDED from AndroidManifest.xml:33:16
	android:launchMode
		ADDED from AndroidManifest.xml:34:5
intent-filter#android.intent.action.MAIN+android.intent.category.LAUNCHER
ADDED from AndroidManifest.xml:35:13
	android:label
		ADDED from AndroidManifest.xml:35:28
action#android.intent.action.MAIN
ADDED from AndroidManifest.xml:36:18
	android:name
		ADDED from AndroidManifest.xml:36:26
category#android.intent.category.LAUNCHER
ADDED from AndroidManifest.xml:37:19
	android:name
		ADDED from AndroidManifest.xml:37:29
intent-filter#android.intent.action.VIEW+android.intent.category.DEFAULT
ADDED from AndroidManifest.xml:39:13
	android:label
		ADDED from AndroidManifest.xml:39:28
data
ADDED from AndroidManifest.xml:40:17
	android:scheme
		ADDED from AndroidManifest.xml:40:23
action#android.intent.action.VIEW
ADDED from AndroidManifest.xml:41:17
	android:name
		ADDED from AndroidManifest.xml:41:25
category#android.intent.category.DEFAULT
ADDED from AndroidManifest.xml:42:17
	android:name
		ADDED from AndroidManifest.xml:42:27
activity#edu.mit.mitmobile2.news.NewsActivity
ADDED from AndroidManifest.xml:46:5
	android:name
		ADDED from AndroidManifest.xml:46:15
	android:launchMode
		ADDED from AndroidManifest.xml:47:12
activity#edu.mit.mitmobile2.shuttles.ShuttlesActivity
ADDED from AndroidManifest.xml:50:5
	android:name
		ADDED from AndroidManifest.xml:50:15
	android:launchMode
		ADDED from AndroidManifest.xml:51:12
activity#edu.mit.mitmobile2.maps.MapsActivity
ADDED from AndroidManifest.xml:54:2
	android:name
		ADDED from AndroidManifest.xml:54:12
	android:launchMode
		ADDED from AndroidManifest.xml:55:12
activity#edu.mit.mitmobile2.events.EventsActivity
ADDED from AndroidManifest.xml:58:2
	android:name
		ADDED from AndroidManifest.xml:58:12
	android:launchMode
		ADDED from AndroidManifest.xml:59:12
activity#edu.mit.mitmobile2.tour.TourActivity
ADDED from AndroidManifest.xml:62:2
	android:name
		ADDED from AndroidManifest.xml:62:12
	android:launchMode
		ADDED from AndroidManifest.xml:63:12
activity#edu.mit.mitmobile2.emergency.EmergencyActivity
ADDED from AndroidManifest.xml:66:2
	android:name
		ADDED from AndroidManifest.xml:66:12
	android:launchMode
		ADDED from AndroidManifest.xml:67:12
activity#edu.mit.mitmobile2.libraries.LibrariesActivity
ADDED from AndroidManifest.xml:70:2
	android:name
		ADDED from AndroidManifest.xml:70:12
	android:launchMode
		ADDED from AndroidManifest.xml:71:12
activity#edu.mit.mitmobile2.facilities.FacilitiesActivity
ADDED from AndroidManifest.xml:74:2
	android:name
		ADDED from AndroidManifest.xml:74:12
	android:launchMode
		ADDED from AndroidManifest.xml:75:12
activity#edu.mit.mitmobile2.dining.DiningActivity
ADDED from AndroidManifest.xml:78:2
	android:name
		ADDED from AndroidManifest.xml:78:12
	android:launchMode
		ADDED from AndroidManifest.xml:79:12
activity#edu.mit.mitmobile2.qrreader.QrreaderActivity
ADDED from AndroidManifest.xml:82:2
	android:name
		ADDED from AndroidManifest.xml:82:12
	android:launchMode
		ADDED from AndroidManifest.xml:83:12
activity#edu.mit.mitmobile2.links.LinksActivity
ADDED from AndroidManifest.xml:86:2
	android:name
		ADDED from AndroidManifest.xml:86:12
	android:launchMode
		ADDED from AndroidManifest.xml:87:12
activity#edu.mit.mitmobile2.resources.ResourcesActivity
ADDED from AndroidManifest.xml:90:2
	android:name
		ADDED from AndroidManifest.xml:90:12
	android:launchMode
		ADDED from AndroidManifest.xml:91:12
meta-data#com.google.android.gms.version
ADDED from AndroidManifest.xml:94:2
MERGED from com.google.android.gms:play-services:6.5.87:21:9
	android:name
		ADDED from AndroidManifest.xml:94:13
	android:value
		ADDED from AndroidManifest.xml:95:12
meta-data#com.google.android.maps.v2.API_KEY
ADDED from AndroidManifest.xml:98:4
	android:name
		ADDED from AndroidManifest.xml:98:15
	android:value
		ADDED from AndroidManifest.xml:99:6